<?xml version="1.0" encoding="UTF-8"?>
<Site BuildName="Linux-g++"
	BuildStamp="20260330-0411-Experimental"
	Name="zzz-virtual-machine"
	Generator="ctest-3.22.1"
	CompilerName="/usr/bin/g++"
	CompilerVersion="11.4.0"
	OSName="Linux"
	Hostname="zzz-virtual-machine"
	OSRelease="6.8.0-87-generic"
	OSVersion="#88~22.04.1-Ubuntu SMP PREEMPT_DYNAMIC Tue Oct 14 14:03:14 UTC 2"
	OSPlatform="x86_64"
	Is64Bits="1"
	VendorString="GenuineIntel"
	VendorID="Intel Corporation"
	FamilyID="6"
	ModelID="197"
	ProcessorCacheSize="24576"
	NumberOfLogicalCPU="6"
	NumberOfPhysicalCPU="6"
	TotalVirtualMemory="2047"
	TotalPhysicalMemory="11224"
	LogicalProcessorsPerPhysical="1"
	ProcessorClockFrequency="3686.4"
	>
	<Testing>
		<StartDateTime>Mar 30 12:29 CST</StartDateTime>
		<StartTestTime>1774844986</StartTestTime>
		<TestList/>
		<EndDateTime>Mar 30 12:29 CST</EndDateTime>
		<EndTestTime>1774844986</EndTestTime>
		<ElapsedMinutes>0</ElapsedMinutes>
	</Testing>
</Site>
